<?xml version="1.0" encoding="UTF-8"?>
<testng-results skipped="0" failed="0" ignored="0" total="1" passed="1">
  <reporter-output>
  </reporter-output>
  <suite name="Default suite" duration-ms="89786" started-at="2019-11-20T16:18:58 IST" finished-at="2019-11-20T16:20:28 IST">
    <groups>
    </groups>
    <test name="Default test" duration-ms="89786" started-at="2019-11-20T16:18:58 IST" finished-at="2019-11-20T16:20:28 IST">
      <class name="retailtestcase.TC001">
        <test-method status="PASS" signature="setUpBeforeClass()[pri:0, instance:retailtestcase.TC001@a7e666]" name="setUpBeforeClass" is-config="true" duration-ms="58" started-at="2019-11-20T16:18:58 IST" finished-at="2019-11-20T16:18:59 IST">
          <reporter-output>
          </reporter-output>
        </test-method> <!-- setUpBeforeClass -->
        <test-method status="PASS" signature="LaunchURL()[pri:0, instance:retailtestcase.TC001@a7e666]" name="LaunchURL" is-config="true" duration-ms="55744" started-at="2019-11-20T16:18:59 IST" finished-at="2019-11-20T16:19:54 IST">
          <reporter-output>
          </reporter-output>
        </test-method> <!-- LaunchURL -->
        <test-method status="PASS" signature="RTTC_007()[pri:1, instance:retailtestcase.TC001@a7e666]" name="RTTC_007" duration-ms="33829" started-at="2019-11-20T16:19:54 IST" finished-at="2019-11-20T16:20:28 IST">
          <reporter-output>
          </reporter-output>
        </test-method> <!-- RTTC_007 -->
      </class> <!-- retailtestcase.TC001 -->
    </test> <!-- Default test -->
  </suite> <!-- Default suite -->
</testng-results>
