<?xml version="1.0" encoding="UTF-8"?>
<!-- Generated by org.testng.reporters.JUnitXMLReporter -->
<testsuite hostname="KVM141-" ignored="0" name="Default test" tests="3" failures="0" timestamp="2019-11-21T09:47:34 IST" time="351.201" errors="0">
  <testcase name="RTTC_007" time="38.63" classname="retailtestcase.EasyLevel"/>
  <testcase name="RTTC_008" time="56.416" classname="retailtestcase.EasyLevel"/>
  <testcase name="RTTC_009" time="53.174" classname="retailtestcase.EasyLevel"/>
</testsuite> <!-- Default test -->
